<?xml version="1.0" encoding="UTF-8"?>
<!-- Generated by org.testng.reporters.JUnitReportReporter -->
<testsuite hostname="priyans-MacBook-Air.local" failures="0" tests="3" name="testNg.Depenson_method" time="0.014" errors="0" timestamp="2021-08-02T09:59:32 IST" skipped="0">
  <testcase classname="testNg.Depenson_method" name="HigherSecSchool" time="0.002"/>
  <system-out/>
  <testcase classname="testNg.Depenson_method" name="HighSchool" time="0.010"/>
  <system-out/>
  <testcase classname="testNg.Depenson_method" name="College" time="0.002"/>
  <system-out/>
</testsuite> <!-- testNg.Depenson_method -->
