<?xml version="1.0" encoding="UTF-8"?>
<!-- Generated by org.testng.reporters.JUnitReportReporter -->
<testsuite hostname="priyans-MacBook-Air.local" failures="0" tests="7" name="testNg.Skip_testcase" time="0.020" errors="0" timestamp="2021-08-02T09:59:32 IST" skipped="1">
  <testcase classname="testNg.Skip_testcase" name="StartTheCar" time="0.002"/>
  <system-out/>
  <testcase classname="testNg.Skip_testcase" name="FirstGear" time="0.003"/>
  <system-out/>
  <testcase classname="testNg.Skip_testcase" name="secondgear" time="0.002"/>
  <system-out/>
  <testcase classname="testNg.Skip_testcase" name="ThirdGear" time="0.005"/>
  <system-out/>
  <testcase classname="testNg.Skip_testcase" name="FourthGear" time="0.006"/>
  <system-out/>
  <testcase classname="testNg.Skip_testcase" name="StopTheCar" time="0.002"/>
  <system-out/>
  <testcase classname="testNg.Skip_testcase" name="TurnMusicON">
    <skipped/>
  </testcase> <!-- TurnMusicON -->
  <system-out/>
</testsuite> <!-- testNg.Skip_testcase -->
