<?xml version="1.0" encoding="UTF-8"?>
<!-- Generated by org.testng.reporters.JUnitReportReporter -->
<testsuite hostname="priyans-MacBook-Air.local" failures="0" tests="3" name="testNg.Before_After_suit" time="6.630" errors="0" timestamp="2021-09-05T18:41:15 IST" skipped="0">
  <testcase classname="testNg.Before_After_suit" name="yahooopen" time="2.086"/>
  <system-out/>
  <testcase classname="testNg.Before_After_suit" name="googleopen" time="2.611"/>
  <system-out/>
  <testcase classname="testNg.Before_After_suit" name="bingopen" time="1.933"/>
  <system-out/>
</testsuite> <!-- testNg.Before_After_suit -->
