<?xml version="1.0" encoding="UTF-8"?>
<!-- Generated by org.testng.reporters.JUnitReportReporter -->
<testsuite hostname="priyans-MacBook-Air.local" failures="0" tests="1" name="testNg.Task" time="0.011" errors="0" timestamp="2021-07-20T16:27:40 IST" skipped="0">
  <testcase classname="testNg.Task" name="first" time="0.011"/>
  <system-out/>
</testsuite> <!-- testNg.Task -->
