<?xml version="1.0" encoding="UTF-8"?>
<!-- Generated by org.testng.reporters.JUnitReportReporter -->
<testsuite hostname="priyans-MacBook-Air.local" failures="0" tests="2" name="testNg.Parllel_Suitetestcase" time="7.351" errors="0" timestamp="2021-07-22T09:09:38 IST" skipped="0">
  <testcase classname="testNg.Parllel_Suitetestcase" name="opengoogle" time="4.148"/>
  <system-out/>
  <testcase classname="testNg.Parllel_Suitetestcase" name="openbing" time="3.203"/>
  <system-out/>
</testsuite> <!-- testNg.Parllel_Suitetestcase -->
