<?xml version="1.0" encoding="UTF-8"?>
<!-- Generated by org.testng.reporters.JUnitReportReporter -->
<testsuite hostname="priyans-MacBook-Air.local" failures="0" tests="3" name="testNg.Listenersmethod" time="0.014" errors="0" timestamp="2021-08-19T11:50:25 IST" skipped="0">
  <testcase classname="testNg.Listenersmethod" name="studentdetail" time="0.011"/>
  <system-out/>
  <testcase classname="testNg.Listenersmethod" name="studentdetail" time="0.002"/>
  <system-out/>
  <testcase classname="testNg.Listenersmethod" name="studentdetail" time="0.001"/>
  <system-out/>
</testsuite> <!-- testNg.Listenersmethod -->
