<?xml version="1.0" encoding="UTF-8"?>
<!-- Generated by org.testng.reporters.JUnitReportReporter -->
<testsuite hostname="priyans-MacBook-Air.local" failures="0" tests="1" name="testNg.DataSample" time="0.020" errors="0" timestamp="2021-08-14T14:22:12 IST" skipped="0">
  <testcase classname="testNg.DataSample" name="first" time="0.020"/>
  <system-out/>
</testsuite> <!-- testNg.DataSample -->
