<?xml version="1.0" encoding="UTF-8"?>
<!-- Generated by org.testng.reporters.JUnitReportReporter -->
<testsuite hostname="priyans-MacBook-Air.local" failures="0" tests="6" name="testNg.Perority_method" time="0.011" errors="0" timestamp="2021-08-02T09:59:32 IST" skipped="0">
  <testcase classname="testNg.Perority_method" name="StartTheCar" time="0.002"/>
  <system-out/>
  <testcase classname="testNg.Perority_method" name="FirstGear" time="0.002"/>
  <system-out/>
  <testcase classname="testNg.Perority_method" name="secondgear" time="0.002"/>
  <system-out/>
  <testcase classname="testNg.Perority_method" name="ThirdGear" time="0.001"/>
  <system-out/>
  <testcase classname="testNg.Perority_method" name="FourthGear" time="0.002"/>
  <system-out/>
  <testcase classname="testNg.Perority_method" name="StopTheCar" time="0.002"/>
  <system-out/>
</testsuite> <!-- testNg.Perority_method -->
