<?xml version="1.0" encoding="UTF-8"?>
<!-- Generated by org.testng.reporters.JUnitReportReporter -->
<testsuite hostname="priyans-MacBook-Air.local" failures="0" tests="2" name="testNg.Parallel_Suitetestcase" time="9.645" errors="0" timestamp="2021-07-22T09:17:49 IST" skipped="0">
  <testcase classname="testNg.Parallel_Suitetestcase" name="openbing" time="3.804"/>
  <system-out/>
  <testcase classname="testNg.Parallel_Suitetestcase" name="opengoogle" time="5.841"/>
  <system-out/>
</testsuite> <!-- testNg.Parallel_Suitetestcase -->
