<?xml version="1.0" encoding="UTF-8"?>
<!-- Generated by org.testng.reporters.JUnitReportReporter -->
<testsuite hostname="priyans-MacBook-Air.local" failures="0" tests="1" name="testNg.NewTest" time="0.008" errors="0" timestamp="2021-07-30T16:16:37 IST" skipped="0">
  <testcase classname="testNg.NewTest" name="test" time="0.008"/>
  <system-out/>
</testsuite> <!-- testNg.NewTest -->
