<?xml version="1.0" encoding="UTF-8"?>
<!-- Generated by org.testng.reporters.JUnitReportReporter -->
<testsuite hostname="priyans-MacBook-Air.local" failures="0" tests="3" name="testNg.sample_Task" time="0.022" errors="0" timestamp="2021-08-14T14:20:33 IST" skipped="0">
  <testcase classname="testNg.sample_Task" name="firsttestcase" time="0.018"/>
  <system-out/>
  <testcase classname="testNg.sample_Task" name="secondtestcase" time="0.002"/>
  <system-out/>
  <testcase classname="testNg.sample_Task" name="thirdtestcase" time="0.002"/>
  <system-out/>
</testsuite> <!-- testNg.sample_Task -->
