<?xml version="1.0" encoding="UTF-8"?>
<!-- Generated by org.testng.reporters.JUnitReportReporter -->
<testsuite hostname="priyans-MacBook-Air.local" failures="0" tests="2" name="testNg.Parameter_Suite_testcase" time="0.011" errors="0" timestamp="2021-08-18T11:58:36 IST" skipped="0">
  <testcase classname="testNg.Parameter_Suite_testcase" name="studentdetail" time="0.009"/>
  <system-out/>
  <testcase classname="testNg.Parameter_Suite_testcase" name="studentdetails" time="0.002"/>
  <system-out/>
</testsuite> <!-- testNg.Parameter_Suite_testcase -->
