<?xml version="1.0" encoding="UTF-8"?>
<!-- Generated by org.testng.reporters.JUnitReportReporter -->
<testsuite hostname="priyans-MacBook-Air.local" failures="0" tests="4" name="testNg.Group_Suite_testcase" time="0.026" errors="0" timestamp="2021-07-22T08:47:18 IST" skipped="0">
  <testcase classname="testNg.Group_Suite_testcase" name="IphoneSeries" time="0.002"/>
  <system-out/>
  <testcase classname="testNg.Group_Suite_testcase" name="SamsungSeries" time="0.013"/>
  <system-out/>
  <testcase classname="testNg.Group_Suite_testcase" name="SamsungProSeries" time="0.003"/>
  <system-out/>
  <testcase classname="testNg.Group_Suite_testcase" name="IphoneProSeries" time="0.008"/>
  <system-out/>
</testsuite> <!-- testNg.Group_Suite_testcase -->
